<?xml version="1.0" encoding="UTF-8"?>
<coverage generated="1638898462143" clover="3.2.0">
  <project timestamp="1638898462143" name="All files">
    <metrics statements="98" coveredstatements="47" conditionals="36" coveredconditionals="17" methods="30" coveredmethods="11" elements="164" coveredelements="75" complexity="0" loc="98" ncloc="98" packages="4" files="11" classes="11"/>
    <package name="src">
      <metrics statements="17" coveredstatements="0" conditionals="8" coveredconditionals="0" methods="4" coveredmethods="0"/>
      <file name="App.js" path="/Users/rafaeldobarco/puc/aula6/puc-app/src/App.js">
        <metrics statements="16" coveredstatements="0" conditionals="8" coveredconditionals="0" methods="4" coveredmethods="0"/>
        <line num="14" count="0" type="stmt"/>
        <line num="15" count="0" type="stmt"/>
        <line num="16" count="0" type="stmt"/>
        <line num="19" count="0" type="stmt"/>
        <line num="20" count="0" type="stmt"/>
        <line num="21" count="0" type="stmt"/>
        <line num="22" count="0" type="stmt"/>
        <line num="23" count="0" type="stmt"/>
        <line num="24" count="0" type="stmt"/>
        <line num="28" count="0" type="stmt"/>
        <line num="29" count="0" type="stmt"/>
        <line num="32" count="0" type="stmt"/>
        <line num="33" count="0" type="stmt"/>
        <line num="34" count="0" type="stmt"/>
        <line num="43" count="0" type="stmt"/>
        <line num="47" count="0" type="stmt"/>
      </file>
      <file name="index.js" path="/Users/rafaeldobarco/puc/aula6/puc-app/src/index.js">
        <metrics statements="1" coveredstatements="0" conditionals="0" coveredconditionals="0" methods="0" coveredmethods="0"/>
        <line num="7" count="0" type="stmt"/>
      </file>
    </package>
    <package name="src.components">
      <metrics statements="65" coveredstatements="47" conditionals="26" coveredconditionals="17" methods="19" coveredmethods="11"/>
      <file name="Aluno.jsx" path="/Users/rafaeldobarco/puc/aula6/puc-app/src/components/Aluno.jsx">
        <metrics statements="4" coveredstatements="0" conditionals="0" coveredconditionals="0" methods="2" coveredmethods="0"/>
        <line num="4" count="0" type="stmt"/>
        <line num="6" count="0" type="stmt"/>
        <line num="7" count="0" type="stmt"/>
        <line num="9" count="0" type="stmt"/>
      </file>
      <file name="CadastroAluno.jsx" path="/Users/rafaeldobarco/puc/aula6/puc-app/src/components/CadastroAluno.jsx">
        <metrics statements="50" coveredstatements="47" conditionals="20" coveredconditionals="17" methods="11" coveredmethods="11"/>
        <line num="6" count="1" type="stmt"/>
        <line num="7" count="97" type="cond" truecount="2" falsecount="0"/>
        <line num="8" count="94" type="stmt"/>
        <line num="10" count="3" type="cond" truecount="2" falsecount="0"/>
        <line num="11" count="1" type="stmt"/>
        <line num="13" count="2" type="cond" truecount="1" falsecount="1"/>
        <line num="14" count="2" type="stmt"/>
        <line num="16" count="0" type="stmt"/>
        <line num="19" count="1" type="stmt"/>
        <line num="20" count="93" type="cond" truecount="2" falsecount="0"/>
        <line num="21" count="82" type="stmt"/>
        <line num="23" count="11" type="cond" truecount="2" falsecount="0"/>
        <line num="24" count="9" type="stmt"/>
        <line num="26" count="2" type="cond" truecount="1" falsecount="1"/>
        <line num="27" count="2" type="stmt"/>
        <line num="29" count="0" type="stmt"/>
        <line num="35" count="250" type="stmt"/>
        <line num="36" count="250" type="stmt"/>
        <line num="39" count="250" type="stmt"/>
        <line num="40" count="250" type="stmt"/>
        <line num="43" count="250" type="stmt"/>
        <line num="45" count="250" type="stmt"/>
        <line num="46" count="250" type="stmt"/>
        <line num="48" count="250" type="stmt"/>
        <line num="49" count="24" type="cond" truecount="2" falsecount="0"/>
        <line num="53" count="250" type="stmt"/>
        <line num="54" count="18" type="stmt"/>
        <line num="57" count="250" type="stmt"/>
        <line num="58" count="20" type="stmt"/>
        <line num="61" count="250" type="stmt"/>
        <line num="62" count="82" type="stmt"/>
        <line num="63" count="82" type="cond" truecount="2" falsecount="0"/>
        <line num="71" count="250" type="stmt"/>
        <line num="72" count="94" type="stmt"/>
        <line num="73" count="94" type="cond" truecount="2" falsecount="0"/>
        <line num="76" count="250" type="stmt"/>
        <line num="77" count="1" type="stmt"/>
        <line num="81" count="250" type="stmt"/>
        <line num="82" count="9" type="stmt"/>
        <line num="86" count="250" type="stmt"/>
        <line num="87" count="2" type="stmt"/>
        <line num="89" count="2" type="cond" truecount="1" falsecount="1"/>
        <line num="90" count="0" type="stmt"/>
        <line num="92" count="2" type="stmt"/>
        <line num="98" count="2" type="stmt"/>
        <line num="99" count="2" type="stmt"/>
        <line num="100" count="2" type="stmt"/>
        <line num="101" count="2" type="stmt"/>
        <line num="102" count="2" type="stmt"/>
        <line num="105" count="250" type="stmt"/>
      </file>
      <file name="DetalhesAluno.jsx" path="/Users/rafaeldobarco/puc/aula6/puc-app/src/components/DetalhesAluno.jsx">
        <metrics statements="3" coveredstatements="0" conditionals="0" coveredconditionals="0" methods="2" coveredmethods="0"/>
        <line num="5" count="0" type="stmt"/>
        <line num="6" count="0" type="stmt"/>
        <line num="8" count="0" type="stmt"/>
      </file>
      <file name="Header.jsx" path="/Users/rafaeldobarco/puc/aula6/puc-app/src/components/Header.jsx">
        <metrics statements="2" coveredstatements="0" conditionals="4" coveredconditionals="0" methods="1" coveredmethods="0"/>
        <line num="10" count="0" type="stmt"/>
        <line num="12" count="0" type="stmt"/>
      </file>
      <file name="ListagemAlunos.jsx" path="/Users/rafaeldobarco/puc/aula6/puc-app/src/components/ListagemAlunos.jsx">
        <metrics statements="4" coveredstatements="0" conditionals="2" coveredconditionals="0" methods="2" coveredmethods="0"/>
        <line num="5" count="0" type="stmt"/>
        <line num="7" count="0" type="cond" truecount="0" falsecount="2"/>
        <line num="8" count="0" type="stmt"/>
        <line num="10" count="0" type="stmt"/>
      </file>
      <file name="WelcomePage.jsx" path="/Users/rafaeldobarco/puc/aula6/puc-app/src/components/WelcomePage.jsx">
        <metrics statements="2" coveredstatements="0" conditionals="0" coveredconditionals="0" methods="1" coveredmethods="0"/>
        <line num="7" count="0" type="stmt"/>
        <line num="8" count="0" type="stmt"/>
      </file>
    </package>
    <package name="src.components.UI">
      <metrics statements="2" coveredstatements="0" conditionals="0" coveredconditionals="0" methods="1" coveredmethods="0"/>
      <file name="Button.jsx" path="/Users/rafaeldobarco/puc/aula6/puc-app/src/components/UI/Button.jsx">
        <metrics statements="1" coveredstatements="0" conditionals="0" coveredconditionals="0" methods="0" coveredmethods="0"/>
        <line num="3" count="0" type="stmt"/>
      </file>
      <file name="Card.jsx" path="/Users/rafaeldobarco/puc/aula6/puc-app/src/components/UI/Card.jsx">
        <metrics statements="1" coveredstatements="0" conditionals="0" coveredconditionals="0" methods="1" coveredmethods="0"/>
        <line num="4" count="0" type="stmt"/>
      </file>
    </package>
    <package name="src.store">
      <metrics statements="14" coveredstatements="0" conditionals="2" coveredconditionals="0" methods="6" coveredmethods="0"/>
      <file name="auth-context.js" path="/Users/rafaeldobarco/puc/aula6/puc-app/src/store/auth-context.js">
        <metrics statements="14" coveredstatements="0" conditionals="2" coveredconditionals="0" methods="6" coveredmethods="0"/>
        <line num="5" count="0" type="stmt"/>
        <line num="13" count="0" type="stmt"/>
        <line num="14" count="0" type="stmt"/>
        <line num="16" count="0" type="stmt"/>
        <line num="17" count="0" type="stmt"/>
        <line num="18" count="0" type="stmt"/>
        <line num="21" count="0" type="stmt"/>
        <line num="22" count="0" type="stmt"/>
        <line num="23" count="0" type="stmt"/>
        <line num="25" count="0" type="stmt"/>
        <line num="26" count="0" type="stmt"/>
        <line num="28" count="0" type="cond" truecount="0" falsecount="2"/>
        <line num="29" count="0" type="stmt"/>
        <line num="33" count="0" type="stmt"/>
      </file>
    </package>
  </project>
</coverage>
