{"/Users/rafaeldobarco/puc/aula6/puc-app/src/App.js": {"path":"/Users/rafaeldobarco/puc/aula6/puc-app/src/App.js","statementMap":{"0":{"start":{"line":14,"column":36},"end":{"line":14,"column":51}},"1":{"start":{"line":15,"column":28},"end":{"line":15,"column":43}},"2":{"start":{"line":16,"column":30},"end":{"line":16,"column":42}},"3":{"start":{"line":19,"column":29},"end":{"line":25,"column":8}},"4":{"start":{"line":20,"column":4},"end":{"line":20,"column":23}},"5":{"start":{"line":21,"column":21},"end":{"line":21,"column":83}},"6":{"start":{"line":22,"column":17},"end":{"line":22,"column":38}},"7":{"start":{"line":23,"column":4},"end":{"line":23,"column":20}},"8":{"start":{"line":24,"column":4},"end":{"line":24,"column":24}},"9":{"start":{"line":28,"column":2},"end":{"line":30,"column":27}},"10":{"start":{"line":29,"column":4},"end":{"line":29,"column":25}},"11":{"start":{"line":32,"column":25},"end":{"line":45,"column":3}},"12":{"start":{"line":33,"column":4},"end":{"line":44,"column":5}},"13":{"start":{"line":34,"column":6},"end":{"line":40,"column":8}},"14":{"start":{"line":43,"column":6},"end":{"line":43,"column":20}},"15":{"start":{"line":47,"column":2},"end":{"line":73,"column":4}}},"fnMap":{"0":{"name":"App","decl":{"start":{"line":11,"column":9},"end":{"line":11,"column":12}},"loc":{"start":{"line":11,"column":15},"end":{"line":74,"column":1}},"line":11},"1":{"name":"(anonymous_1)","decl":{"start":{"line":19,"column":41},"end":{"line":19,"column":42}},"loc":{"start":{"line":19,"column":53},"end":{"line":25,"column":3}},"line":19},"2":{"name":"(anonymous_2)","decl":{"start":{"line":28,"column":12},"end":{"line":28,"column":13}},"loc":{"start":{"line":28,"column":18},"end":{"line":30,"column":3}},"line":28},"3":{"name":"(anonymous_3)","decl":{"start":{"line":32,"column":25},"end":{"line":32,"column":26}},"loc":{"start":{"line":32,"column":46},"end":{"line":45,"column":3}},"line":32}},"branchMap":{"0":{"loc":{"start":{"line":50,"column":9},"end":{"line":68,"column":19}},"type":"binary-expr","locations":[{"start":{"line":50,"column":9},"end":{"line":50,"column":19}},{"start":{"line":50,"column":23},"end":{"line":50,"column":29}},{"start":{"line":51,"column":10},"end":{"line":68,"column":19}}],"line":50},"1":{"loc":{"start":{"line":70,"column":9},"end":{"line":70,"column":39}},"type":"binary-expr","locations":[{"start":{"line":70,"column":9},"end":{"line":70,"column":18}},{"start":{"line":70,"column":22},"end":{"line":70,"column":39}}],"line":70},"2":{"loc":{"start":{"line":71,"column":9},"end":{"line":71,"column":54}},"type":"binary-expr","locations":[{"start":{"line":71,"column":9},"end":{"line":71,"column":19}},{"start":{"line":71,"column":23},"end":{"line":71,"column":28}},{"start":{"line":71,"column":32},"end":{"line":71,"column":54}}],"line":71}},"s":{"0":0,"1":0,"2":0,"3":0,"4":0,"5":0,"6":0,"7":0,"8":0,"9":0,"10":0,"11":0,"12":0,"13":0,"14":0,"15":0},"f":{"0":0,"1":0,"2":0,"3":0},"b":{"0":[0,0,0],"1":[0,0],"2":[0,0,0]}}
,"/Users/rafaeldobarco/puc/aula6/puc-app/src/index.js": {"path":"/Users/rafaeldobarco/puc/aula6/puc-app/src/index.js","statementMap":{"0":{"start":{"line":7,"column":0},"end":{"line":14,"column":2}}},"fnMap":{},"branchMap":{},"s":{"0":0},"f":{},"b":{}}
,"/Users/rafaeldobarco/puc/aula6/puc-app/src/components/Aluno.jsx": {"path":"/Users/rafaeldobarco/puc/aula6/puc-app/src/components/Aluno.jsx","statementMap":{"0":{"start":{"line":4,"column":20},"end":{"line":4,"column":32}},"1":{"start":{"line":6,"column":25},"end":{"line":8,"column":5}},"2":{"start":{"line":7,"column":8},"end":{"line":7,"column":44}},"3":{"start":{"line":9,"column":4},"end":{"line":15,"column":5}}},"fnMap":{"0":{"name":"Aluno","decl":{"start":{"line":3,"column":9},"end":{"line":3,"column":14}},"loc":{"start":{"line":3,"column":26},"end":{"line":16,"column":1}},"line":3},"1":{"name":"(anonymous_1)","decl":{"start":{"line":6,"column":25},"end":{"line":6,"column":26}},"loc":{"start":{"line":6,"column":31},"end":{"line":8,"column":5}},"line":6}},"branchMap":{},"s":{"0":0,"1":0,"2":0,"3":0},"f":{"0":0,"1":0},"b":{}}
,"/Users/rafaeldobarco/puc/aula6/puc-app/src/components/CadastroAluno.jsx": {"path":"/Users/rafaeldobarco/puc/aula6/puc-app/src/components/CadastroAluno.jsx","statementMap":{"0":{"start":{"line":6,"column":21},"end":{"line":17,"column":1}},"1":{"start":{"line":7,"column":4},"end":{"line":9,"column":5}},"2":{"start":{"line":8,"column":8},"end":{"line":8,"column":70}},"3":{"start":{"line":10,"column":4},"end":{"line":12,"column":5}},"4":{"start":{"line":11,"column":8},"end":{"line":11,"column":72}},"5":{"start":{"line":13,"column":4},"end":{"line":15,"column":5}},"6":{"start":{"line":14,"column":8},"end":{"line":14,"column":43}},"7":{"start":{"line":16,"column":4},"end":{"line":16,"column":39}},"8":{"start":{"line":19,"column":24},"end":{"line":30,"column":1}},"9":{"start":{"line":20,"column":4},"end":{"line":22,"column":5}},"10":{"start":{"line":21,"column":8},"end":{"line":21,"column":74}},"11":{"start":{"line":23,"column":4},"end":{"line":25,"column":5}},"12":{"start":{"line":24,"column":8},"end":{"line":24,"column":76}},"13":{"start":{"line":26,"column":4},"end":{"line":28,"column":5}},"14":{"start":{"line":27,"column":8},"end":{"line":27,"column":43}},"15":{"start":{"line":29,"column":4},"end":{"line":29,"column":39}},"16":{"start":{"line":35,"column":28},"end":{"line":35,"column":40}},"17":{"start":{"line":36,"column":30},"end":{"line":36,"column":42}},"18":{"start":{"line":39,"column":40},"end":{"line":39,"column":92}},"19":{"start":{"line":40,"column":46},"end":{"line":40,"column":101}},"20":{"start":{"line":43,"column":42},"end":{"line":43,"column":57}},"21":{"start":{"line":45,"column":38},"end":{"line":45,"column":48}},"22":{"start":{"line":46,"column":41},"end":{"line":46,"column":54}},"23":{"start":{"line":48,"column":4},"end":{"line":50,"column":39}},"24":{"start":{"line":49,"column":8},"end":{"line":49,"column":56}},"25":{"start":{"line":53,"column":30},"end":{"line":55,"column":5}},"26":{"start":{"line":54,"column":8},"end":{"line":54,"column":36}},"27":{"start":{"line":57,"column":31},"end":{"line":59,"column":5}},"28":{"start":{"line":58,"column":8},"end":{"line":58,"column":37}},"29":{"start":{"line":61,"column":34},"end":{"line":64,"column":5}},"30":{"start":{"line":62,"column":8},"end":{"line":62,"column":72}},"31":{"start":{"line":63,"column":8},"end":{"line":63,"column":83}},"32":{"start":{"line":71,"column":31},"end":{"line":74,"column":5}},"33":{"start":{"line":72,"column":8},"end":{"line":72,"column":69}},"34":{"start":{"line":73,"column":8},"end":{"line":73,"column":82}},"35":{"start":{"line":76,"column":33},"end":{"line":79,"column":5}},"36":{"start":{"line":77,"column":8},"end":{"line":77,"column":44}},"37":{"start":{"line":81,"column":36},"end":{"line":84,"column":5}},"38":{"start":{"line":82,"column":8},"end":{"line":82,"column":47}},"39":{"start":{"line":86,"column":26},"end":{"line":103,"column":5}},"40":{"start":{"line":87,"column":8},"end":{"line":87,"column":31}},"41":{"start":{"line":89,"column":8},"end":{"line":90,"column":19}},"42":{"start":{"line":90,"column":12},"end":{"line":90,"column":19}},"43":{"start":{"line":92,"column":22},"end":{"line":97,"column":9}},"44":{"start":{"line":98,"column":8},"end":{"line":98,"column":37}},"45":{"start":{"line":99,"column":8},"end":{"line":99,"column":20}},"46":{"start":{"line":100,"column":8},"end":{"line":100,"column":21}},"47":{"start":{"line":101,"column":8},"end":{"line":101,"column":46}},"48":{"start":{"line":102,"column":8},"end":{"line":102,"column":49}},"49":{"start":{"line":105,"column":4},"end":{"line":134,"column":6}}},"fnMap":{"0":{"name":"(anonymous_0)","decl":{"start":{"line":6,"column":21},"end":{"line":6,"column":22}},"loc":{"start":{"line":6,"column":40},"end":{"line":17,"column":1}},"line":6},"1":{"name":"(anonymous_1)","decl":{"start":{"line":19,"column":24},"end":{"line":19,"column":25}},"loc":{"start":{"line":19,"column":43},"end":{"line":30,"column":1}},"line":19},"2":{"name":"CadastroAluno","decl":{"start":{"line":32,"column":9},"end":{"line":32,"column":22}},"loc":{"start":{"line":32,"column":30},"end":{"line":135,"column":1}},"line":32},"3":{"name":"(anonymous_3)","decl":{"start":{"line":48,"column":14},"end":{"line":48,"column":15}},"loc":{"start":{"line":48,"column":20},"end":{"line":50,"column":5}},"line":48},"4":{"name":"(anonymous_4)","decl":{"start":{"line":53,"column":30},"end":{"line":53,"column":31}},"loc":{"start":{"line":53,"column":41},"end":{"line":55,"column":5}},"line":53},"5":{"name":"(anonymous_5)","decl":{"start":{"line":57,"column":31},"end":{"line":57,"column":32}},"loc":{"start":{"line":57,"column":42},"end":{"line":59,"column":5}},"line":57},"6":{"name":"(anonymous_6)","decl":{"start":{"line":61,"column":34},"end":{"line":61,"column":35}},"loc":{"start":{"line":61,"column":45},"end":{"line":64,"column":5}},"line":61},"7":{"name":"(anonymous_7)","decl":{"start":{"line":71,"column":31},"end":{"line":71,"column":32}},"loc":{"start":{"line":71,"column":42},"end":{"line":74,"column":5}},"line":71},"8":{"name":"(anonymous_8)","decl":{"start":{"line":76,"column":33},"end":{"line":76,"column":34}},"loc":{"start":{"line":76,"column":39},"end":{"line":79,"column":5}},"line":76},"9":{"name":"(anonymous_9)","decl":{"start":{"line":81,"column":36},"end":{"line":81,"column":37}},"loc":{"start":{"line":81,"column":42},"end":{"line":84,"column":5}},"line":81},"10":{"name":"(anonymous_10)","decl":{"start":{"line":86,"column":26},"end":{"line":86,"column":27}},"loc":{"start":{"line":86,"column":37},"end":{"line":103,"column":5}},"line":86}},"branchMap":{"0":{"loc":{"start":{"line":7,"column":4},"end":{"line":9,"column":5}},"type":"if","locations":[{"start":{"line":7,"column":4},"end":{"line":9,"column":5}},{"start":{},"end":{}}],"line":7},"1":{"loc":{"start":{"line":10,"column":4},"end":{"line":12,"column":5}},"type":"if","locations":[{"start":{"line":10,"column":4},"end":{"line":12,"column":5}},{"start":{},"end":{}}],"line":10},"2":{"loc":{"start":{"line":13,"column":4},"end":{"line":15,"column":5}},"type":"if","locations":[{"start":{"line":13,"column":4},"end":{"line":15,"column":5}},{"start":{},"end":{}}],"line":13},"3":{"loc":{"start":{"line":20,"column":4},"end":{"line":22,"column":5}},"type":"if","locations":[{"start":{"line":20,"column":4},"end":{"line":22,"column":5}},{"start":{},"end":{}}],"line":20},"4":{"loc":{"start":{"line":23,"column":4},"end":{"line":25,"column":5}},"type":"if","locations":[{"start":{"line":23,"column":4},"end":{"line":25,"column":5}},{"start":{},"end":{}}],"line":23},"5":{"loc":{"start":{"line":26,"column":4},"end":{"line":28,"column":5}},"type":"if","locations":[{"start":{"line":26,"column":4},"end":{"line":28,"column":5}},{"start":{},"end":{}}],"line":26},"6":{"loc":{"start":{"line":49,"column":23},"end":{"line":49,"column":54}},"type":"binary-expr","locations":[{"start":{"line":49,"column":23},"end":{"line":49,"column":35}},{"start":{"line":49,"column":39},"end":{"line":49,"column":54}}],"line":49},"7":{"loc":{"start":{"line":63,"column":23},"end":{"line":63,"column":81}},"type":"binary-expr","locations":[{"start":{"line":63,"column":23},"end":{"line":63,"column":59}},{"start":{"line":63,"column":63},"end":{"line":63,"column":81}}],"line":63},"8":{"loc":{"start":{"line":73,"column":23},"end":{"line":73,"column":80}},"type":"binary-expr","locations":[{"start":{"line":73,"column":23},"end":{"line":73,"column":55}},{"start":{"line":73,"column":59},"end":{"line":73,"column":80}}],"line":73},"9":{"loc":{"start":{"line":89,"column":8},"end":{"line":90,"column":19}},"type":"if","locations":[{"start":{"line":89,"column":8},"end":{"line":90,"column":19}},{"start":{},"end":{}}],"line":89}},"s":{"0":1,"1":97,"2":94,"3":3,"4":1,"5":2,"6":2,"7":0,"8":1,"9":93,"10":82,"11":11,"12":9,"13":2,"14":2,"15":0,"16":250,"17":250,"18":250,"19":250,"20":250,"21":250,"22":250,"23":250,"24":24,"25":250,"26":18,"27":250,"28":20,"29":250,"30":82,"31":82,"32":250,"33":94,"34":94,"35":250,"36":1,"37":250,"38":9,"39":250,"40":2,"41":2,"42":0,"43":2,"44":2,"45":2,"46":2,"47":2,"48":2,"49":250},"f":{"0":97,"1":93,"2":250,"3":24,"4":18,"5":20,"6":82,"7":94,"8":1,"9":9,"10":2},"b":{"0":[94,3],"1":[1,2],"2":[2,0],"3":[82,11],"4":[9,2],"5":[2,0],"6":[24,6],"7":[82,20],"8":[94,46],"9":[0,2]},"_coverageSchema":"1a1c01bbd47fc00a2c39e90264f33305004495a9","hash":"c7b260d79f4fc5d5d283880e97a94eebda71c966"}
,"/Users/rafaeldobarco/puc/aula6/puc-app/src/components/DetalhesAluno.jsx": {"path":"/Users/rafaeldobarco/puc/aula6/puc-app/src/components/DetalhesAluno.jsx","statementMap":{"0":{"start":{"line":5,"column":19},"end":{"line":5,"column":30}},"1":{"start":{"line":6,"column":18},"end":{"line":6,"column":55}},"2":{"start":{"line":6,"column":35},"end":{"line":6,"column":54}},"3":{"start":{"line":8,"column":4},"end":{"line":18,"column":6}}},"fnMap":{"0":{"name":"DetalhesAluno","decl":{"start":{"line":4,"column":9},"end":{"line":4,"column":22}},"loc":{"start":{"line":4,"column":33},"end":{"line":19,"column":1}},"line":4},"1":{"name":"(anonymous_1)","decl":{"start":{"line":6,"column":30},"end":{"line":6,"column":31}},"loc":{"start":{"line":6,"column":35},"end":{"line":6,"column":54}},"line":6}},"branchMap":{},"s":{"0":0,"1":0,"2":0,"3":0},"f":{"0":0,"1":0},"b":{}}
,"/Users/rafaeldobarco/puc/aula6/puc-app/src/components/Header.jsx": {"path":"/Users/rafaeldobarco/puc/aula6/puc-app/src/components/Header.jsx","statementMap":{"0":{"start":{"line":10,"column":16},"end":{"line":10,"column":39}},"1":{"start":{"line":12,"column":4},"end":{"line":27,"column":5}}},"fnMap":{"0":{"name":"Header","decl":{"start":{"line":6,"column":9},"end":{"line":6,"column":15}},"loc":{"start":{"line":6,"column":18},"end":{"line":28,"column":1}},"line":6}},"branchMap":{"0":{"loc":{"start":{"line":21,"column":21},"end":{"line":21,"column":102}},"type":"binary-expr","locations":[{"start":{"line":21,"column":21},"end":{"line":21,"column":35}},{"start":{"line":21,"column":39},"end":{"line":21,"column":102}}],"line":21},"1":{"loc":{"start":{"line":22,"column":21},"end":{"line":22,"column":107}},"type":"binary-expr","locations":[{"start":{"line":22,"column":21},"end":{"line":22,"column":35}},{"start":{"line":22,"column":39},"end":{"line":22,"column":107}}],"line":22}},"s":{"0":0,"1":0},"f":{"0":0},"b":{"0":[0,0],"1":[0,0]}}
,"/Users/rafaeldobarco/puc/aula6/puc-app/src/components/ListagemAlunos.jsx": {"path":"/Users/rafaeldobarco/puc/aula6/puc-app/src/components/ListagemAlunos.jsx","statementMap":{"0":{"start":{"line":5,"column":20},"end":{"line":5,"column":62}},"1":{"start":{"line":7,"column":4},"end":{"line":9,"column":5}},"2":{"start":{"line":8,"column":8},"end":{"line":8,"column":68}},"3":{"start":{"line":8,"column":36},"end":{"line":8,"column":66}},"4":{"start":{"line":10,"column":4},"end":{"line":26,"column":6}}},"fnMap":{"0":{"name":"ListagemAlunos","decl":{"start":{"line":4,"column":9},"end":{"line":4,"column":23}},"loc":{"start":{"line":4,"column":36},"end":{"line":27,"column":1}},"line":4},"1":{"name":"(anonymous_1)","decl":{"start":{"line":8,"column":31},"end":{"line":8,"column":32}},"loc":{"start":{"line":8,"column":36},"end":{"line":8,"column":66}},"line":8}},"branchMap":{"0":{"loc":{"start":{"line":7,"column":4},"end":{"line":9,"column":5}},"type":"if","locations":[{"start":{"line":7,"column":4},"end":{"line":9,"column":5}},{"start":{},"end":{}}],"line":7}},"s":{"0":0,"1":0,"2":0,"3":0,"4":0},"f":{"0":0,"1":0},"b":{"0":[0,0]}}
,"/Users/rafaeldobarco/puc/aula6/puc-app/src/components/WelcomePage.jsx": {"path":"/Users/rafaeldobarco/puc/aula6/puc-app/src/components/WelcomePage.jsx","statementMap":{"0":{"start":{"line":7,"column":16},"end":{"line":7,"column":39}},"1":{"start":{"line":8,"column":4},"end":{"line":15,"column":6}}},"fnMap":{"0":{"name":"WelcomePage","decl":{"start":{"line":5,"column":9},"end":{"line":5,"column":20}},"loc":{"start":{"line":5,"column":28},"end":{"line":16,"column":1}},"line":5}},"branchMap":{},"s":{"0":0,"1":0},"f":{"0":0},"b":{}}
,"/Users/rafaeldobarco/puc/aula6/puc-app/src/components/UI/Button.jsx": {"path":"/Users/rafaeldobarco/puc/aula6/puc-app/src/components/UI/Button.jsx","statementMap":{"0":{"start":{"line":3,"column":15},"end":{"line":16,"column":1}}},"fnMap":{},"branchMap":{},"s":{"0":0},"f":{},"b":{}}
,"/Users/rafaeldobarco/puc/aula6/puc-app/src/components/UI/Card.jsx": {"path":"/Users/rafaeldobarco/puc/aula6/puc-app/src/components/UI/Card.jsx","statementMap":{"0":{"start":{"line":4,"column":4},"end":{"line":8,"column":6}}},"fnMap":{"0":{"name":"Card","decl":{"start":{"line":3,"column":9},"end":{"line":3,"column":13}},"loc":{"start":{"line":3,"column":21},"end":{"line":9,"column":1}},"line":3}},"branchMap":{},"s":{"0":0},"f":{"0":0},"b":{}}
,"/Users/rafaeldobarco/puc/aula6/puc-app/src/store/auth-context.js": {"path":"/Users/rafaeldobarco/puc/aula6/puc-app/src/store/auth-context.js","statementMap":{"0":{"start":{"line":5,"column":20},"end":{"line":9,"column":2}},"1":{"start":{"line":13,"column":35},"end":{"line":38,"column":1}},"2":{"start":{"line":14,"column":40},"end":{"line":14,"column":55}},"3":{"start":{"line":16,"column":26},"end":{"line":19,"column":5}},"4":{"start":{"line":17,"column":8},"end":{"line":17,"column":46}},"5":{"start":{"line":18,"column":8},"end":{"line":18,"column":29}},"6":{"start":{"line":21,"column":25},"end":{"line":24,"column":5}},"7":{"start":{"line":22,"column":8},"end":{"line":22,"column":48}},"8":{"start":{"line":23,"column":8},"end":{"line":23,"column":28}},"9":{"start":{"line":25,"column":4},"end":{"line":31,"column":10}},"10":{"start":{"line":26,"column":27},"end":{"line":26,"column":61}},"11":{"start":{"line":28,"column":8},"end":{"line":30,"column":9}},"12":{"start":{"line":29,"column":12},"end":{"line":29,"column":32}},"13":{"start":{"line":33,"column":4},"end":{"line":37,"column":5}}},"fnMap":{"0":{"name":"(anonymous_0)","decl":{"start":{"line":7,"column":14},"end":{"line":7,"column":15}},"loc":{"start":{"line":7,"column":20},"end":{"line":7,"column":23}},"line":7},"1":{"name":"(anonymous_1)","decl":{"start":{"line":8,"column":13},"end":{"line":8,"column":14}},"loc":{"start":{"line":8,"column":34},"end":{"line":8,"column":36}},"line":8},"2":{"name":"(anonymous_2)","decl":{"start":{"line":13,"column":35},"end":{"line":13,"column":36}},"loc":{"start":{"line":13,"column":46},"end":{"line":38,"column":1}},"line":13},"3":{"name":"(anonymous_3)","decl":{"start":{"line":16,"column":26},"end":{"line":16,"column":27}},"loc":{"start":{"line":16,"column":32},"end":{"line":19,"column":5}},"line":16},"4":{"name":"(anonymous_4)","decl":{"start":{"line":21,"column":25},"end":{"line":21,"column":26}},"loc":{"start":{"line":21,"column":31},"end":{"line":24,"column":5}},"line":21},"5":{"name":"(anonymous_5)","decl":{"start":{"line":25,"column":14},"end":{"line":25,"column":15}},"loc":{"start":{"line":25,"column":20},"end":{"line":31,"column":5}},"line":25}},"branchMap":{"0":{"loc":{"start":{"line":28,"column":8},"end":{"line":30,"column":9}},"type":"if","locations":[{"start":{"line":28,"column":8},"end":{"line":30,"column":9}},{"start":{},"end":{}}],"line":28}},"s":{"0":0,"1":0,"2":0,"3":0,"4":0,"5":0,"6":0,"7":0,"8":0,"9":0,"10":0,"11":0,"12":0,"13":0},"f":{"0":0,"1":0,"2":0,"3":0,"4":0,"5":0},"b":{"0":[0,0]}}
}
