TN:
SF:src/App.js
FN:11,App
FN:19,(anonymous_1)
FN:28,(anonymous_2)
FN:32,(anonymous_3)
FNF:4
FNH:0
FNDA:0,App
FNDA:0,(anonymous_1)
FNDA:0,(anonymous_2)
FNDA:0,(anonymous_3)
DA:14,0
DA:15,0
DA:16,0
DA:19,0
DA:20,0
DA:21,0
DA:22,0
DA:23,0
DA:24,0
DA:28,0
DA:29,0
DA:32,0
DA:33,0
DA:34,0
DA:43,0
DA:47,0
LF:16
LH:0
BRDA:50,0,0,0
BRDA:50,0,1,0
BRDA:50,0,2,0
BRDA:70,1,0,0
BRDA:70,1,1,0
BRDA:71,2,0,0
BRDA:71,2,1,0
BRDA:71,2,2,0
BRF:8
BRH:0
end_of_record
TN:
SF:src/index.js
FNF:0
FNH:0
DA:7,0
LF:1
LH:0
BRF:0
BRH:0
end_of_record
TN:
SF:src/components/Aluno.jsx
FN:3,Aluno
FN:6,(anonymous_1)
FNF:2
FNH:0
FNDA:0,Aluno
FNDA:0,(anonymous_1)
DA:4,0
DA:6,0
DA:7,0
DA:9,0
LF:4
LH:0
BRF:0
BRH:0
end_of_record
TN:
SF:src/components/CadastroAluno.jsx
FN:6,(anonymous_0)
FN:19,(anonymous_1)
FN:32,CadastroAluno
FN:48,(anonymous_3)
FN:53,(anonymous_4)
FN:57,(anonymous_5)
FN:61,(anonymous_6)
FN:71,(anonymous_7)
FN:76,(anonymous_8)
FN:81,(anonymous_9)
FN:86,(anonymous_10)
FNF:11
FNH:11
FNDA:97,(anonymous_0)
FNDA:93,(anonymous_1)
FNDA:250,CadastroAluno
FNDA:24,(anonymous_3)
FNDA:18,(anonymous_4)
FNDA:20,(anonymous_5)
FNDA:82,(anonymous_6)
FNDA:94,(anonymous_7)
FNDA:1,(anonymous_8)
FNDA:9,(anonymous_9)
FNDA:2,(anonymous_10)
DA:6,1
DA:7,97
DA:8,94
DA:10,3
DA:11,1
DA:13,2
DA:14,2
DA:16,0
DA:19,1
DA:20,93
DA:21,82
DA:23,11
DA:24,9
DA:26,2
DA:27,2
DA:29,0
DA:35,250
DA:36,250
DA:39,250
DA:40,250
DA:43,250
DA:45,250
DA:46,250
DA:48,250
DA:49,24
DA:53,250
DA:54,18
DA:57,250
DA:58,20
DA:61,250
DA:62,82
DA:63,82
DA:71,250
DA:72,94
DA:73,94
DA:76,250
DA:77,1
DA:81,250
DA:82,9
DA:86,250
DA:87,2
DA:89,2
DA:90,0
DA:92,2
DA:98,2
DA:99,2
DA:100,2
DA:101,2
DA:102,2
DA:105,250
LF:50
LH:47
BRDA:7,0,0,94
BRDA:7,0,1,3
BRDA:10,1,0,1
BRDA:10,1,1,2
BRDA:13,2,0,2
BRDA:13,2,1,0
BRDA:20,3,0,82
BRDA:20,3,1,11
BRDA:23,4,0,9
BRDA:23,4,1,2
BRDA:26,5,0,2
BRDA:26,5,1,0
BRDA:49,6,0,24
BRDA:49,6,1,6
BRDA:63,7,0,82
BRDA:63,7,1,20
BRDA:73,8,0,94
BRDA:73,8,1,46
BRDA:89,9,0,0
BRDA:89,9,1,2
BRF:20
BRH:17
end_of_record
TN:
SF:src/components/DetalhesAluno.jsx
FN:4,DetalhesAluno
FN:6,(anonymous_1)
FNF:2
FNH:0
FNDA:0,DetalhesAluno
FNDA:0,(anonymous_1)
DA:5,0
DA:6,0
DA:8,0
LF:3
LH:0
BRF:0
BRH:0
end_of_record
TN:
SF:src/components/Header.jsx
FN:6,Header
FNF:1
FNH:0
FNDA:0,Header
DA:10,0
DA:12,0
LF:2
LH:0
BRDA:21,0,0,0
BRDA:21,0,1,0
BRDA:22,1,0,0
BRDA:22,1,1,0
BRF:4
BRH:0
end_of_record
TN:
SF:src/components/ListagemAlunos.jsx
FN:4,ListagemAlunos
FN:8,(anonymous_1)
FNF:2
FNH:0
FNDA:0,ListagemAlunos
FNDA:0,(anonymous_1)
DA:5,0
DA:7,0
DA:8,0
DA:10,0
LF:4
LH:0
BRDA:7,0,0,0
BRDA:7,0,1,0
BRF:2
BRH:0
end_of_record
TN:
SF:src/components/WelcomePage.jsx
FN:5,WelcomePage
FNF:1
FNH:0
FNDA:0,WelcomePage
DA:7,0
DA:8,0
LF:2
LH:0
BRF:0
BRH:0
end_of_record
TN:
SF:src/components/UI/Button.jsx
FNF:0
FNH:0
DA:3,0
LF:1
LH:0
BRF:0
BRH:0
end_of_record
TN:
SF:src/components/UI/Card.jsx
FN:3,Card
FNF:1
FNH:0
FNDA:0,Card
DA:4,0
LF:1
LH:0
BRF:0
BRH:0
end_of_record
TN:
SF:src/store/auth-context.js
FN:7,(anonymous_0)
FN:8,(anonymous_1)
FN:13,(anonymous_2)
FN:16,(anonymous_3)
FN:21,(anonymous_4)
FN:25,(anonymous_5)
FNF:6
FNH:0
FNDA:0,(anonymous_0)
FNDA:0,(anonymous_1)
FNDA:0,(anonymous_2)
FNDA:0,(anonymous_3)
FNDA:0,(anonymous_4)
FNDA:0,(anonymous_5)
DA:5,0
DA:13,0
DA:14,0
DA:16,0
DA:17,0
DA:18,0
DA:21,0
DA:22,0
DA:23,0
DA:25,0
DA:26,0
DA:28,0
DA:29,0
DA:33,0
LF:14
LH:0
BRDA:28,0,0,0
BRDA:28,0,1,0
BRF:2
BRH:0
end_of_record
